-------------------------------------------------------------------------------
Test set: scoops2Go.api.ProductApiTests
-------------------------------------------------------------------------------
Tests run: 6, Failures: 2, Errors: 0, Skipped: 0, Time elapsed: 0.054 s <<< FAILURE! -- in scoops2Go.api.ProductApiTests
scoops2Go.api.ProductApiTests.PB_TC_004_getProductList_pluralEndpoint_returns200 -- Time elapsed: 0.007 s <<< FAILURE!
java.lang.AssertionError: Status expected:<200> but was:<500>
	at org.springframework.test.util.AssertionErrors.fail(AssertionErrors.java:61)
	at org.springframework.test.util.AssertionErrors.assertEquals(AssertionErrors.java:128)
	at org.springframework.test.web.servlet.result.StatusResultMatchers.lambda$matcher$9(StatusResultMatchers.java:640)
	at org.springframework.test.web.servlet.MockMvc$1.andExpect(MockMvc.java:214)
	at scoops2Go.api.ProductApiTests.PB_TC_004_getProductList_pluralEndpoint_returns200(ProductApiTests.java:70)
	at java.base/java.lang.reflect.Method.invoke(Method.java:580)
	at java.base/java.util.ArrayList.forEach(ArrayList.java:1597)
	at java.base/java.util.ArrayList.forEach(ArrayList.java:1597)

scoops2Go.api.ProductApiTests.PB_TC_005_getProductById_validId_returns200WithCorrectFieldNames -- Time elapsed: 0.006 s <<< FAILURE!
java.lang.AssertionError: No value at JSON path "$.productType"
	at org.springframework.test.util.JsonPathExpectationsHelper.evaluateJsonPath(JsonPathExpectationsHelper.java:351)
	at org.springframework.test.util.JsonPathExpectationsHelper.assertValue(JsonPathExpectationsHelper.java:106)
	at org.springframework.test.web.servlet.result.JsonPathResultMatchers.lambda$value$0(JsonPathResultMatchers.java:88)
	at org.springframework.test.web.servlet.MockMvc$1.andExpect(MockMvc.java:214)
	at scoops2Go.api.ProductApiTests.PB_TC_005_getProductById_validId_returns200WithCorrectFieldNames(ProductApiTests.java:103)
	at java.base/java.lang.reflect.Method.invoke(Method.java:580)
	at java.base/java.util.ArrayList.forEach(ArrayList.java:1597)
	at java.base/java.util.ArrayList.forEach(ArrayList.java:1597)
Caused by: com.jayway.jsonpath.PathNotFoundException: No results for path: $['productType']

